<?xml version="1.0" encoding="UTF-8"?>
<testsuite xmlns:xsi="http://www.w3.org/2001/XMLSchema-instance" xsi:schemaLocation="https://maven.apache.org/surefire/maven-surefire-plugin/xsd/surefire-test-report.xsd" name="ua.lviv.iot.event.manager.EventManagerTest" time="0.267" tests="14" errors="0" skipped="0" failures="0">
  <properties>
    <property name="java.runtime.name" value="Java(TM) SE Runtime Environment"/>
    <property name="java.vm.version" value="11.0.2+9-LTS"/>
    <property name="sun.boot.library.path" value="/usr/lib/jvm/jdk-11.0.2/lib"/>
    <property name="maven.multiModuleProjectDirectory" value="/home/nastya/IdeaProjects/ConcertHall"/>
    <property name="java.vm.vendor" value="Oracle Corporation"/>
    <property name="java.vendor.url" value="http://java.oracle.com/"/>
    <property name="guice.disable.misplaced.annotation.check" value="true"/>
    <property name="path.separator" value=":"/>
    <property name="java.vm.name" value="Java HotSpot(TM) 64-Bit Server VM"/>
    <property name="sun.os.patch.level" value="unknown"/>
    <property name="user.country" value="US"/>
    <property name="sun.java.launcher" value="SUN_STANDARD"/>
    <property name="java.vm.specification.name" value="Java Virtual Machine Specification"/>
    <property name="user.dir" value="/home/nastya/IdeaProjects/ConcertHall"/>
    <property name="java.vm.compressedOopsMode" value="Zero based"/>
    <property name="java.runtime.version" value="11.0.2+9-LTS"/>
    <property name="java.awt.graphicsenv" value="sun.awt.X11GraphicsEnvironment"/>
    <property name="os.arch" value="amd64"/>
    <property name="java.io.tmpdir" value="/tmp"/>
    <property name="line.separator" value="&#10;"/>
    <property name="java.vm.specification.vendor" value="Oracle Corporation"/>
    <property name="os.name" value="Linux"/>
    <property name="classworlds.conf" value="/opt/apache-maven-3.6.0/bin/m2.conf"/>
    <property name="sun.jnu.encoding" value="UTF-8"/>
    <property name="java.library.path" value="/usr/java/packages/lib:/usr/lib64:/lib64:/lib:/usr/lib"/>
    <property name="maven.conf" value="/opt/apache-maven-3.6.0/conf"/>
    <property name="jdk.debug" value="release"/>
    <property name="java.class.version" value="55.0"/>
    <property name="java.specification.name" value="Java Platform API Specification"/>
    <property name="sun.management.compiler" value="HotSpot 64-Bit Tiered Compilers"/>
    <property name="os.version" value="4.15.0-47-generic"/>
    <property name="library.jansi.path" value="/opt/apache-maven-3.6.0/lib/jansi-native"/>
    <property name="user.home" value="/home/nastya"/>
    <property name="user.timezone" value="Europe/Kiev"/>
    <property name="java.awt.printerjob" value="sun.print.PSPrinterJob"/>
    <property name="file.encoding" value="UTF-8"/>
    <property name="java.specification.version" value="11"/>
    <property name="user.name" value="nastya"/>
    <property name="java.class.path" value="/opt/apache-maven-3.6.0/boot/plexus-classworlds-2.5.2.jar"/>
    <property name="java.vm.specification.version" value="11"/>
    <property name="sun.arch.data.model" value="64"/>
    <property name="sun.java.command" value="org.codehaus.plexus.classworlds.launcher.Launcher package"/>
    <property name="java.home" value="/usr/lib/jvm/jdk-11.0.2"/>
    <property name="user.language" value="en"/>
    <property name="java.specification.vendor" value="Oracle Corporation"/>
    <property name="awt.toolkit" value="sun.awt.X11.XToolkit"/>
    <property name="java.vm.info" value="mixed mode"/>
    <property name="java.version" value="11.0.2"/>
    <property name="securerandom.source" value="file:/dev/./urandom"/>
    <property name="java.vendor" value="Oracle Corporation"/>
    <property name="maven.home" value="/opt/apache-maven-3.6.0"/>
    <property name="file.separator" value="/"/>
    <property name="java.version.date" value="2019-01-15"/>
    <property name="java.vendor.url.bug" value="http://bugreport.java.com/bugreport/"/>
    <property name="sun.io.unicode.encoding" value="UnicodeLittle"/>
    <property name="sun.cpu.endian" value="little"/>
    <property name="java.vendor.version" value="18.9"/>
    <property name="sun.desktop" value="gnome"/>
    <property name="sun.cpu.isalist" value=""/>
  </properties>
  <testcase name="testFindWithMusiciansWithListLength" classname="ua.lviv.iot.event.manager.EventManagerTest" time="0.022"/>
  <testcase name="testSortingFuncByEventDurationByDecreasing" classname="ua.lviv.iot.event.manager.EventManagerTest" time="0.013"/>
  <testcase name="testFingWithMusiciansOneList" classname="ua.lviv.iot.event.manager.EventManagerTest" time="0.002"/>
  <testcase name="testToStringCircusEvent" classname="ua.lviv.iot.event.manager.EventManagerTest" time="0.001"/>
  <testcase name="testSortingFuncByArenaSizeByIncreasing" classname="ua.lviv.iot.event.manager.EventManagerTest" time="0.003"/>
  <testcase name="testListViewing" classname="ua.lviv.iot.event.manager.EventManagerTest" time="0.013"/>
  <testcase name="testGetterSetter" classname="ua.lviv.iot.event.manager.EventManagerTest" time="0.173"/>
  <testcase name="testToStringDiscoNightEvent" classname="ua.lviv.iot.event.manager.EventManagerTest" time="0.002"/>
  <testcase name="testMusiciansSortByIncreasing" classname="ua.lviv.iot.event.manager.EventManagerTest" time="0.002"/>
  <testcase name="testMusiciansSortByDecreasing" classname="ua.lviv.iot.event.manager.EventManagerTest" time="0.001"/>
  <testcase name="testAnotherMusicEventConstructor" classname="ua.lviv.iot.event.manager.EventManagerTest" time="0.001"/>
  <testcase name="testEventAdd" classname="ua.lviv.iot.event.manager.EventManagerTest" time="0.002"/>
  <testcase name="testSortByTicketPriceByIncreasing" classname="ua.lviv.iot.event.manager.EventManagerTest" time="0.002"/>
  <testcase name="testSortByTicketPriceByDecreasing" classname="ua.lviv.iot.event.manager.EventManagerTest" time="0.001"/>
</testsuite>